<?xml version="1.0" encoding="UTF-8"?>
<!-- Generated by org.testng.reporters.JUnitReportReporter -->
<testsuite skipped="0" hostname="DESKTOP-9BMLCIN" name="User" tests="1" failures="0" timestamp="26 Oct 2018 06:06:08 GMT" time="73.715" errors="0">
  <testcase name="search_restaurant" time="73.715" classname="User"/>
</testsuite> <!-- User -->
