<?xml version="1.0" encoding="UTF-8"?>
<!-- Generated by org.testng.reporters.JUnitReportReporter -->
<testsuite skipped="0" hostname="DESKTOP-9BMLCIN" name="Chrome" tests="1" failures="0" timestamp="09 Nov 2018 06:55:51 GMT" time="30.733" errors="0">
  <testcase name="main" time="30.733" classname="Chrome"/>
</testsuite> <!-- Chrome -->
