<?xml version="1.0" encoding="UTF-8"?>
<!-- Generated by org.testng.reporters.JUnitReportReporter -->
<testsuite skipped="0" hostname="DESKTOP-9BMLCIN" name="Admin_view_order" tests="1" failures="0" timestamp="26 Oct 2018 06:34:04 GMT" time="32.465" errors="0">
  <testcase name="create_restaurant" time="32.465" classname="Admin_view_order"/>
</testsuite> <!-- Admin_view_order -->
