<?xml version="1.0" encoding="UTF-8"?>
<!-- Generated by org.testng.reporters.JUnitReportReporter -->
<testsuite skipped="0" hostname="DESKTOP-9BMLCIN" name="fb" tests="1" failures="0" timestamp="12 Nov 2018 10:18:23 GMT" time="69.719" errors="0">
  <testcase name="testCase1" time="69.719" classname="fb"/>
</testsuite> <!-- fb -->
